[2022-10-08 14:03:24,585] {taskinstance.py:1159} INFO - Dependencies all met for <TaskInstance: example_bash_operator.this_will_skip scheduled__2022-10-07T00:00:00+00:00 [queued]>
[2022-10-08 14:03:24,642] {taskinstance.py:1159} INFO - Dependencies all met for <TaskInstance: example_bash_operator.this_will_skip scheduled__2022-10-07T00:00:00+00:00 [queued]>
[2022-10-08 14:03:24,644] {taskinstance.py:1356} INFO - 
--------------------------------------------------------------------------------
[2022-10-08 14:03:24,646] {taskinstance.py:1357} INFO - Starting attempt 1 of 1
[2022-10-08 14:03:24,648] {taskinstance.py:1358} INFO - 
--------------------------------------------------------------------------------
[2022-10-08 14:03:24,771] {taskinstance.py:1377} INFO - Executing <Task(BashOperator): this_will_skip> on 2022-10-07 00:00:00+00:00
[2022-10-08 14:03:24,805] {standard_task_runner.py:52} INFO - Started process 236 to run task
[2022-10-08 14:03:24,879] {standard_task_runner.py:79} INFO - Running: ['***', 'tasks', 'run', 'example_bash_operator', 'this_will_skip', 'scheduled__2022-10-07T00:00:00+00:00', '--job-id', '9', '--raw', '--subdir', '/home/***/.local/lib/python3.7/site-packages/***/example_dags/example_bash_operator.py', '--cfg-path', '/tmp/tmpmk6phbk2', '--error-file', '/tmp/tmphy6ymdwr']
[2022-10-08 14:03:24,882] {standard_task_runner.py:80} INFO - Job 9: Subtask this_will_skip
[2022-10-08 14:03:25,302] {task_command.py:369} INFO - Running <TaskInstance: example_bash_operator.this_will_skip scheduled__2022-10-07T00:00:00+00:00 [running]> on host 5e558b2fc9f9
[2022-10-08 14:03:26,001] {taskinstance.py:1571} INFO - Exporting the following env vars:
AIRFLOW_CTX_DAG_OWNER=***
AIRFLOW_CTX_DAG_ID=example_bash_operator
AIRFLOW_CTX_TASK_ID=this_will_skip
AIRFLOW_CTX_EXECUTION_DATE=2022-10-07T00:00:00+00:00
AIRFLOW_CTX_TRY_NUMBER=1
AIRFLOW_CTX_DAG_RUN_ID=scheduled__2022-10-07T00:00:00+00:00
[2022-10-08 14:03:26,007] {subprocess.py:62} INFO - Tmp dir root location: 
 /tmp
[2022-10-08 14:03:26,029] {subprocess.py:74} INFO - Running command: ['bash', '-c', 'echo "hello world"; exit 99;']
[2022-10-08 14:03:26,125] {subprocess.py:85} INFO - Output:
[2022-10-08 14:03:26,174] {subprocess.py:92} INFO - hello world
[2022-10-08 14:03:26,186] {subprocess.py:96} INFO - Command exited with return code 99
[2022-10-08 14:03:26,200] {taskinstance.py:1478} INFO - Bash command returned exit code 99. Skipping.
[2022-10-08 14:03:26,318] {taskinstance.py:1400} INFO - Marking task as SKIPPED. dag_id=example_bash_operator, task_id=this_will_skip, execution_date=20221007T000000, start_date=20221008T140324, end_date=20221008T140326
[2022-10-08 14:03:26,480] {local_task_job.py:156} INFO - Task exited with return code 0
[2022-10-08 14:03:26,686] {local_task_job.py:273} INFO - 0 downstream tasks scheduled from follow-on schedule check
