[2022-10-08 14:03:16,380] {taskinstance.py:1159} INFO - Dependencies all met for <TaskInstance: example_bash_operator.runme_0 scheduled__2022-10-07T00:00:00+00:00 [queued]>
[2022-10-08 14:03:16,824] {taskinstance.py:1159} INFO - Dependencies all met for <TaskInstance: example_bash_operator.runme_0 scheduled__2022-10-07T00:00:00+00:00 [queued]>
[2022-10-08 14:03:16,836] {taskinstance.py:1356} INFO - 
--------------------------------------------------------------------------------
[2022-10-08 14:03:16,854] {taskinstance.py:1357} INFO - Starting attempt 1 of 1
[2022-10-08 14:03:16,875] {taskinstance.py:1358} INFO - 
--------------------------------------------------------------------------------
[2022-10-08 14:03:17,661] {taskinstance.py:1377} INFO - Executing <Task(BashOperator): runme_0> on 2022-10-07 00:00:00+00:00
[2022-10-08 14:03:17,940] {standard_task_runner.py:52} INFO - Started process 229 to run task
[2022-10-08 14:03:18,043] {standard_task_runner.py:79} INFO - Running: ['***', 'tasks', 'run', 'example_bash_operator', 'runme_0', 'scheduled__2022-10-07T00:00:00+00:00', '--job-id', '5', '--raw', '--subdir', '/home/***/.local/lib/python3.7/site-packages/***/example_dags/example_bash_operator.py', '--cfg-path', '/tmp/tmpehbcn_l5', '--error-file', '/tmp/tmp59c9rp45']
[2022-10-08 14:03:18,046] {standard_task_runner.py:80} INFO - Job 5: Subtask runme_0
[2022-10-08 14:03:18,906] {task_command.py:369} INFO - Running <TaskInstance: example_bash_operator.runme_0 scheduled__2022-10-07T00:00:00+00:00 [running]> on host 5e558b2fc9f9
[2022-10-08 14:03:20,073] {taskinstance.py:1571} INFO - Exporting the following env vars:
AIRFLOW_CTX_DAG_OWNER=***
AIRFLOW_CTX_DAG_ID=example_bash_operator
AIRFLOW_CTX_TASK_ID=runme_0
AIRFLOW_CTX_EXECUTION_DATE=2022-10-07T00:00:00+00:00
AIRFLOW_CTX_TRY_NUMBER=1
AIRFLOW_CTX_DAG_RUN_ID=scheduled__2022-10-07T00:00:00+00:00
[2022-10-08 14:03:20,077] {subprocess.py:62} INFO - Tmp dir root location: 
 /tmp
[2022-10-08 14:03:20,079] {subprocess.py:74} INFO - Running command: ['bash', '-c', 'echo "example_bash_operator__runme_0__20221007" && sleep 1']
[2022-10-08 14:03:20,565] {subprocess.py:85} INFO - Output:
[2022-10-08 14:03:20,772] {subprocess.py:92} INFO - example_bash_operator__runme_0__20221007
[2022-10-08 14:03:21,858] {subprocess.py:96} INFO - Command exited with return code 0
[2022-10-08 14:03:23,078] {taskinstance.py:1400} INFO - Marking task as SUCCESS. dag_id=example_bash_operator, task_id=runme_0, execution_date=20221007T000000, start_date=20221008T140316, end_date=20221008T140323
[2022-10-08 14:03:23,355] {local_task_job.py:156} INFO - Task exited with return code 0
[2022-10-08 14:03:24,250] {local_task_job.py:273} INFO - 0 downstream tasks scheduled from follow-on schedule check
