[2022-10-08 14:03:22,399] {taskinstance.py:1159} INFO - Dependencies all met for <TaskInstance: example_bash_operator.runme_2 scheduled__2022-10-07T00:00:00+00:00 [queued]>
[2022-10-08 14:03:22,801] {taskinstance.py:1159} INFO - Dependencies all met for <TaskInstance: example_bash_operator.runme_2 scheduled__2022-10-07T00:00:00+00:00 [queued]>
[2022-10-08 14:03:22,807] {taskinstance.py:1356} INFO - 
--------------------------------------------------------------------------------
[2022-10-08 14:03:22,824] {taskinstance.py:1357} INFO - Starting attempt 1 of 1
[2022-10-08 14:03:22,836] {taskinstance.py:1358} INFO - 
--------------------------------------------------------------------------------
[2022-10-08 14:03:23,079] {taskinstance.py:1377} INFO - Executing <Task(BashOperator): runme_2> on 2022-10-07 00:00:00+00:00
[2022-10-08 14:03:23,102] {standard_task_runner.py:52} INFO - Started process 233 to run task
[2022-10-08 14:03:23,178] {standard_task_runner.py:79} INFO - Running: ['***', 'tasks', 'run', 'example_bash_operator', 'runme_2', 'scheduled__2022-10-07T00:00:00+00:00', '--job-id', '7', '--raw', '--subdir', '/home/***/.local/lib/python3.7/site-packages/***/example_dags/example_bash_operator.py', '--cfg-path', '/tmp/tmpx14qtq7i', '--error-file', '/tmp/tmpyu1h5d9y']
[2022-10-08 14:03:22,836] {standard_task_runner.py:80} INFO - Job 7: Subtask runme_2
[2022-10-08 14:03:23,771] {task_command.py:369} INFO - Running <TaskInstance: example_bash_operator.runme_2 scheduled__2022-10-07T00:00:00+00:00 [running]> on host 5e558b2fc9f9
[2022-10-08 14:03:24,553] {taskinstance.py:1571} INFO - Exporting the following env vars:
AIRFLOW_CTX_DAG_OWNER=***
AIRFLOW_CTX_DAG_ID=example_bash_operator
AIRFLOW_CTX_TASK_ID=runme_2
AIRFLOW_CTX_EXECUTION_DATE=2022-10-07T00:00:00+00:00
AIRFLOW_CTX_TRY_NUMBER=1
AIRFLOW_CTX_DAG_RUN_ID=scheduled__2022-10-07T00:00:00+00:00
[2022-10-08 14:03:24,566] {subprocess.py:62} INFO - Tmp dir root location: 
 /tmp
[2022-10-08 14:03:24,572] {subprocess.py:74} INFO - Running command: ['bash', '-c', 'echo "example_bash_operator__runme_2__20221007" && sleep 1']
[2022-10-08 14:03:24,671] {subprocess.py:85} INFO - Output:
[2022-10-08 14:03:24,727] {subprocess.py:92} INFO - example_bash_operator__runme_2__20221007
[2022-10-08 14:03:25,750] {subprocess.py:96} INFO - Command exited with return code 0
[2022-10-08 14:03:25,940] {taskinstance.py:1400} INFO - Marking task as SUCCESS. dag_id=example_bash_operator, task_id=runme_2, execution_date=20221007T000000, start_date=20221008T140322, end_date=20221008T140325
[2022-10-08 14:03:26,239] {local_task_job.py:156} INFO - Task exited with return code 0
[2022-10-08 14:03:26,563] {local_task_job.py:273} INFO - 1 downstream tasks scheduled from follow-on schedule check
