[2022-10-10 16:23:25,269] {taskinstance.py:1159} INFO - Dependencies all met for <TaskInstance: user_processing.extract_user __airflow_temporary_run_2022-10-10T16:23:15.380166+00:00__ [queued]>
[2022-10-10 16:23:25,630] {taskinstance.py:1159} INFO - Dependencies all met for <TaskInstance: user_processing.extract_user __airflow_temporary_run_2022-10-10T16:23:15.380166+00:00__ [queued]>
[2022-10-10 16:23:25,670] {taskinstance.py:1356} INFO - 
--------------------------------------------------------------------------------
[2022-10-10 16:23:25,727] {taskinstance.py:1357} INFO - Starting attempt 1 of 1
[2022-10-10 16:23:25,769] {taskinstance.py:1358} INFO - 
--------------------------------------------------------------------------------
[2022-10-10 16:23:31,894] {taskinstance.py:1377} INFO - Executing <Task(SimpleHttpOperator): extract_user> on 2022-01-01 00:00:00+00:00
[2022-10-10 16:23:32,421] {standard_task_runner.py:52} INFO - Started process 6442 to run task
[2022-10-10 16:23:33,148] {standard_task_runner.py:79} INFO - Running: ['***', 'tasks', 'run', 'user_processing', 'extract_user', '__***_temporary_run_2022-10-10T16:23:15.380166+00:00__', '--job-id', '18', '--raw', '--subdir', 'DAGS_FOLDER/user_processing.py', '--cfg-path', '/tmp/tmp6h8ax8kb', '--error-file', '/tmp/tmpeal2k092']
[2022-10-10 16:23:33,226] {standard_task_runner.py:80} INFO - Job 18: Subtask extract_user
[2022-10-10 16:23:36,627] {task_command.py:369} INFO - Running <TaskInstance: user_processing.extract_user __airflow_temporary_run_2022-10-10T16:23:15.380166+00:00__ [running]> on host 09023156d4e0
[2022-10-10 16:23:38,235] {taskinstance.py:1571} INFO - Exporting the following env vars:
AIRFLOW_CTX_DAG_OWNER=***
AIRFLOW_CTX_DAG_ID=user_processing
AIRFLOW_CTX_TASK_ID=extract_user
AIRFLOW_CTX_EXECUTION_DATE=2022-01-01T00:00:00+00:00
AIRFLOW_CTX_TRY_NUMBER=1
AIRFLOW_CTX_DAG_RUN_ID=__***_temporary_run_2022-10-10T16:23:15.380166+00:00__
[2022-10-10 16:23:38,301] {http.py:102} INFO - Calling HTTP method
[2022-10-10 16:23:38,889] {base.py:68} INFO - Using connection ID 'user_api' for task execution.
[2022-10-10 16:23:39,012] {http.py:129} INFO - Sending 'GET' to url: https://randomuser.me/api/
[2022-10-10 16:23:41,008] {http.py:106} INFO - {"results":[{"gender":"male","name":{"title":"Mr","first":"Israel","last":"Dueñas"},"location":{"street":{"number":8934,"name":"Peatonal Salcido"},"city":"Sabana Grande","state":"Oaxaca","country":"Mexico","postcode":62272,"coordinates":{"latitude":"27.3730","longitude":"-142.3410"},"timezone":{"offset":"-1:00","description":"Azores, Cape Verde Islands"}},"email":"israel.duenas@example.com","login":{"uuid":"746eca99-b231-4f03-9c92-28496799796f","username":"organiccat258","password":"sergio","salt":"Qlme0dm1","md5":"35c3bb3601cf8e0292a34d322d85ab8a","sha1":"18d1efba570ca9e2703745e5bbbcfc7e63bddf4a","sha256":"a71a8234752cae71967119b0df51a0fe803db2b2344e33298b69376f78d6862e"},"dob":{"date":"1973-06-01T09:42:41.158Z","age":49},"registered":{"date":"2007-12-27T08:38:17.860Z","age":14},"phone":"(634) 564 5396","cell":"(603) 649 5491","id":{"name":"NSS","value":"57 40 98 6792 2"},"picture":{"large":"https://randomuser.me/api/portraits/men/60.jpg","medium":"https://randomuser.me/api/portraits/med/men/60.jpg","thumbnail":"https://randomuser.me/api/portraits/thumb/men/60.jpg"},"nat":"MX"}],"info":{"seed":"6a82011f8ed1364b","results":1,"page":1,"version":"1.4"}}
[2022-10-10 16:23:41,744] {taskinstance.py:1400} INFO - Marking task as SUCCESS. dag_id=user_processing, task_id=extract_user, execution_date=20220101T000000, start_date=20221010T162325, end_date=20221010T162341
[2022-10-10 16:23:42,230] {local_task_job.py:156} INFO - Task exited with return code 0
[2022-10-10 16:23:42,702] {local_task_job.py:273} INFO - 0 downstream tasks scheduled from follow-on schedule check
